<?xml version="1.0" encoding="UTF-8"?>
<!-- Generated by org.testng.reporters.JUnitReportReporter -->
<testsuite hostname="D88823" failures="0" tests="1" name="testCases.TetLogin" time="5.458" errors="0" timestamp="06 jÅ«n. 2019 11:18:04 GMT" skipped="0">
  <testcase classname="testCases.TetLogin" name="Login" time="5.458"/>
</testsuite> <!-- testCases.TetLogin -->
